2024-04-03 14:20:08,225 [INFO] Activator:177 - 


2024-04-03 14:20:08,226 [INFO] Activator:178 - !SESSION log4j initialized
2024-04-03 14:20:40,879 [ERROR] ApiDbMcu:1508 - Can't use Application install path:
2024-04-03 14:20:43,595 [WARN] RulesReader:59 - Compatibility file://mcu/compatibility.xml not found
2024-04-03 14:23:55,439 [INFO] McuFinderGlobals:39 - Set McuFinder mode to 2 (CubeIDE integrated)
2024-04-03 14:23:57,221 [INFO] ApplicationProperties:181 - Using Application install path: D:\ST\STM32CubeIDE_1.7.0\STM32CubeIDE\plugins\com.st.stm32cube.common.mx_6.3.0.202107141111
2024-04-03 14:23:57,231 [INFO] DbMcusXml:74 - Set database path to: D:\ST\STM32CubeIDE_1.7.0\STM32CubeIDE\plugins\com.st.stm32cube.common.mx_6.3.0.202107141111\\db\/mcu/
2024-04-03 14:23:57,235 [INFO] DbBoardsPdsc:56 - Set plugin database path to: D:\ST\STM32CubeIDE_1.7.0\STM32CubeIDE\plugins\com.st.stm32cube.common.mx_6.3.0.202107141111\\db\/plugins/boardmanager/
2024-04-03 14:23:57,235 [INFO] DbMcus:258 - Set plugin images path to: D:\ST\STM32CubeIDE_1.7.0\STM32CubeIDE\plugins\com.st.stm32cube.common.mx_6.3.0.202107141111\\db\/plugins/mcufinder/images/
2024-04-03 14:23:57,235 [INFO] DbBoards:264 - Set plugin images path to: D:\ST\STM32CubeIDE_1.7.0\STM32CubeIDE\plugins\com.st.stm32cube.common.mx_6.3.0.202107141111\\db\/plugins/mcufinder/images/
2024-04-03 14:23:57,238 [INFO] DbExamples:333 - Set plugin images path to: D:\ST\STM32CubeIDE_1.7.0\STM32CubeIDE\plugins\com.st.stm32cube.common.mx_6.3.0.202107141111\\db\/plugins/mcufinder/images/
2024-04-03 14:23:57,249 [INFO] DbMcusAds:119 - Set database path to: C:\Users\haib1\.stmcufinder\plugins\mcufinder//mcu/
2024-04-03 14:23:57,250 [INFO] DbMcusDocs:110 - Set database path to: C:\Users\haib1\.stmcufinder\plugins\mcufinder//mcu/
2024-04-03 14:23:57,251 [INFO] DbMcusJson:64 - Set database path to: C:\Users\haib1\.stmcufinder\plugins\mcufinder//mcu/
2024-04-03 14:23:57,252 [INFO] DbBoardsDocs:110 - Set database path to: C:\Users\haib1\.stmcufinder\plugins\mcufinder//mcu/
2024-04-03 14:23:57,253 [INFO] DbBoardsJson:57 - Set database path to: C:\Users\haib1\.stmcufinder\plugins\mcufinder//mcu/
2024-04-03 14:23:57,269 [INFO] CrossReferenceDbSqlite:196 - Set database path to: C:\Users\haib1\.stmcufinder\plugins\mcufinder//mcu/cs/
2024-04-03 14:23:57,272 [INFO] DbExamplesSqlite:767 - Set database path to: C:\Users\haib1\.stmcufinder\plugins\mcufinder//mcu/
2024-04-03 14:23:57,355 [INFO] DbMcusXml:74 - Set database path to: D:\ST\STM32CubeIDE_1.7.0\STM32CubeIDE\plugins\com.st.stm32cube.common.mx_6.3.0.202107141111\\db\/mcu/
2024-04-03 14:23:57,355 [INFO] DbBoardsPdsc:56 - Set plugin database path to: D:\ST\STM32CubeIDE_1.7.0\STM32CubeIDE\plugins\com.st.stm32cube.common.mx_6.3.0.202107141111\\db\/plugins/boardmanager/
2024-04-03 14:23:57,355 [INFO] DbMcus:258 - Set plugin images path to: D:\ST\STM32CubeIDE_1.7.0\STM32CubeIDE\plugins\com.st.stm32cube.common.mx_6.3.0.202107141111\\db\/plugins/mcufinder/images/
2024-04-03 14:23:57,355 [INFO] DbBoards:264 - Set plugin images path to: D:\ST\STM32CubeIDE_1.7.0\STM32CubeIDE\plugins\com.st.stm32cube.common.mx_6.3.0.202107141111\\db\/plugins/mcufinder/images/
2024-04-03 14:23:57,355 [INFO] DbExamples:333 - Set plugin images path to: D:\ST\STM32CubeIDE_1.7.0\STM32CubeIDE\plugins\com.st.stm32cube.common.mx_6.3.0.202107141111\\db\/plugins/mcufinder/images/
2024-04-03 14:23:57,356 [WARN] DbFile:35 - Overriding database path with different value: C:\Users\haib1\.stmcufinder\plugins\mcufinder/ => C:\Users\haib1\.stmcufinder\plugins\mcufinder
2024-04-03 14:23:57,356 [INFO] DbMcusAds:119 - Set database path to: C:\Users\haib1\.stmcufinder\plugins\mcufinder//mcu/
2024-04-03 14:23:57,356 [WARN] DbFile:35 - Overriding database path with different value: C:\Users\haib1\.stmcufinder\plugins\mcufinder/ => C:\Users\haib1\.stmcufinder\plugins\mcufinder
2024-04-03 14:23:57,356 [INFO] DbMcusDocs:110 - Set database path to: C:\Users\haib1\.stmcufinder\plugins\mcufinder//mcu/
2024-04-03 14:23:57,356 [WARN] DbFile:35 - Overriding database path with different value: C:\Users\haib1\.stmcufinder\plugins\mcufinder/ => C:\Users\haib1\.stmcufinder\plugins\mcufinder
2024-04-03 14:23:57,356 [INFO] DbMcusJson:64 - Set database path to: C:\Users\haib1\.stmcufinder\plugins\mcufinder//mcu/
2024-04-03 14:23:57,356 [WARN] DbFile:35 - Overriding database path with different value: C:\Users\haib1\.stmcufinder\plugins\mcufinder/ => C:\Users\haib1\.stmcufinder\plugins\mcufinder
2024-04-03 14:23:57,356 [INFO] DbBoardsDocs:110 - Set database path to: C:\Users\haib1\.stmcufinder\plugins\mcufinder//mcu/
2024-04-03 14:23:57,356 [WARN] DbFile:35 - Overriding database path with different value: C:\Users\haib1\.stmcufinder\plugins\mcufinder/ => C:\Users\haib1\.stmcufinder\plugins\mcufinder
2024-04-03 14:23:57,356 [INFO] DbBoardsJson:57 - Set database path to: C:\Users\haib1\.stmcufinder\plugins\mcufinder//mcu/
2024-04-03 14:23:57,356 [WARN] DbFile:35 - Overriding database path with different value: C:\Users\haib1\.stmcufinder\plugins\mcufinder/ => C:\Users\haib1\.stmcufinder\plugins\mcufinder
2024-04-03 14:23:57,356 [WARN] DbFile:35 - Overriding database path with different value: C:\Users\haib1\.stmcufinder\plugins\mcufinder/ => C:\Users\haib1\.stmcufinder\plugins\mcufinder
2024-04-03 14:23:57,356 [INFO] CrossReferenceDbSqlite:196 - Set database path to: C:\Users\haib1\.stmcufinder\plugins\mcufinder//mcu/cs/
2024-04-03 14:23:57,356 [WARN] DbFile:35 - Overriding database path with different value: C:\Users\haib1\.stmcufinder\plugins\mcufinder/ => C:\Users\haib1\.stmcufinder\plugins\mcufinder
2024-04-03 14:23:57,356 [INFO] DbExamplesSqlite:767 - Set database path to: C:\Users\haib1\.stmcufinder\plugins\mcufinder//mcu/
2024-04-03 14:23:57,423 [INFO] MainPanel:214 - HeapMemory: 844103680
2024-04-03 14:23:57,508 [INFO] DbMcusXml:74 - Set database path to: D:\ST\STM32CubeIDE_1.7.0\STM32CubeIDE\plugins\com.st.stm32cube.common.mx_6.3.0.202107141111\\db\/mcu/
2024-04-03 14:23:57,508 [INFO] DbBoardsPdsc:56 - Set plugin database path to: D:\ST\STM32CubeIDE_1.7.0\STM32CubeIDE\plugins\com.st.stm32cube.common.mx_6.3.0.202107141111\\db\/plugins/boardmanager/
2024-04-03 14:23:57,508 [INFO] DbMcus:258 - Set plugin images path to: D:\ST\STM32CubeIDE_1.7.0\STM32CubeIDE\plugins\com.st.stm32cube.common.mx_6.3.0.202107141111\\db\/plugins/mcufinder/images/
2024-04-03 14:23:57,508 [INFO] DbBoards:264 - Set plugin images path to: D:\ST\STM32CubeIDE_1.7.0\STM32CubeIDE\plugins\com.st.stm32cube.common.mx_6.3.0.202107141111\\db\/plugins/mcufinder/images/
2024-04-03 14:23:57,509 [INFO] DbExamples:333 - Set plugin images path to: D:\ST\STM32CubeIDE_1.7.0\STM32CubeIDE\plugins\com.st.stm32cube.common.mx_6.3.0.202107141111\\db\/plugins/mcufinder/images/
2024-04-03 14:23:57,509 [WARN] DbFile:35 - Overriding database path with different value: C:\Users\haib1\.stmcufinder\plugins\mcufinder/ => C:\Users\haib1\.stmcufinder\plugins\mcufinder
2024-04-03 14:23:57,509 [INFO] DbMcusAds:119 - Set database path to: C:\Users\haib1\.stmcufinder\plugins\mcufinder//mcu/
2024-04-03 14:23:57,509 [WARN] DbFile:35 - Overriding database path with different value: C:\Users\haib1\.stmcufinder\plugins\mcufinder/ => C:\Users\haib1\.stmcufinder\plugins\mcufinder
2024-04-03 14:23:57,509 [INFO] DbMcusDocs:110 - Set database path to: C:\Users\haib1\.stmcufinder\plugins\mcufinder//mcu/
2024-04-03 14:23:57,509 [WARN] DbFile:35 - Overriding database path with different value: C:\Users\haib1\.stmcufinder\plugins\mcufinder/ => C:\Users\haib1\.stmcufinder\plugins\mcufinder
2024-04-03 14:23:57,509 [INFO] DbMcusJson:64 - Set database path to: C:\Users\haib1\.stmcufinder\plugins\mcufinder//mcu/
2024-04-03 14:23:57,510 [WARN] DbFile:35 - Overriding database path with different value: C:\Users\haib1\.stmcufinder\plugins\mcufinder/ => C:\Users\haib1\.stmcufinder\plugins\mcufinder
2024-04-03 14:23:57,510 [INFO] DbBoardsDocs:110 - Set database path to: C:\Users\haib1\.stmcufinder\plugins\mcufinder//mcu/
2024-04-03 14:23:57,510 [WARN] DbFile:35 - Overriding database path with different value: C:\Users\haib1\.stmcufinder\plugins\mcufinder/ => C:\Users\haib1\.stmcufinder\plugins\mcufinder
2024-04-03 14:23:57,510 [INFO] DbBoardsJson:57 - Set database path to: C:\Users\haib1\.stmcufinder\plugins\mcufinder//mcu/
2024-04-03 14:23:57,510 [WARN] DbFile:35 - Overriding database path with different value: C:\Users\haib1\.stmcufinder\plugins\mcufinder/ => C:\Users\haib1\.stmcufinder\plugins\mcufinder
2024-04-03 14:23:57,510 [WARN] DbFile:35 - Overriding database path with different value: C:\Users\haib1\.stmcufinder\plugins\mcufinder/ => C:\Users\haib1\.stmcufinder\plugins\mcufinder
2024-04-03 14:23:57,510 [INFO] CrossReferenceDbSqlite:196 - Set database path to: C:\Users\haib1\.stmcufinder\plugins\mcufinder//mcu/cs/
2024-04-03 14:23:57,510 [WARN] DbFile:35 - Overriding database path with different value: C:\Users\haib1\.stmcufinder\plugins\mcufinder/ => C:\Users\haib1\.stmcufinder\plugins\mcufinder
2024-04-03 14:23:57,510 [INFO] DbExamplesSqlite:767 - Set database path to: C:\Users\haib1\.stmcufinder\plugins\mcufinder//mcu/
2024-04-03 14:23:57,527 [INFO] ApplicationProperties:181 - Using Application install path: D:\ST\STM32CubeIDE_1.7.0\STM32CubeIDE\plugins\com.st.stm32cube.common.mx_6.3.0.202107141111
2024-04-03 14:23:57,528 [INFO] PluginManage:188 - Search for loadable plugins [exclusion list=, ]
2024-04-03 14:23:57,530 [INFO] PluginManage:302 - Check plugin analytics
2024-04-03 14:23:57,678 [INFO] AnalyticsPlugin:257 - Accepted Software Licenses: 
2024-04-03 14:23:57,679 [INFO] AnalyticsPlugin:259 - Accepted CMSIS Pack Licenses: 
2024-04-03 14:23:57,679 [INFO] AnalyticsPlugin:261 - Accepted Firmware Licenses: 
2024-04-03 14:23:57,680 [INFO] PluginManage:352 - Loaded plugin analytics (category:tool,tabindex:-1)
2024-04-03 14:23:57,680 [INFO] PluginManage:302 - Check plugin clock
2024-04-03 14:23:57,708 [INFO] PluginManage:352 - Loaded plugin clock (category:base,tabindex:2)
2024-04-03 14:23:57,708 [INFO] PluginManage:302 - Check plugin ddr
2024-04-03 14:23:57,711 [INFO] PluginManage:352 - Loaded plugin ddr (category:tool,tabindex:6)
2024-04-03 14:23:57,711 [INFO] PluginManage:302 - Check plugin filemanager
2024-04-03 14:23:57,872 [INFO] PluginManage:352 - Loaded plugin filemanager (category:base,tabindex:10)
2024-04-03 14:23:57,873 [INFO] PluginManage:302 - Check plugin ipmanager
2024-04-03 14:23:57,882 [INFO] PluginManage:352 - Loaded plugin ipmanager (category:base,tabindex:5)
2024-04-03 14:23:57,882 [INFO] PluginManage:302 - Check plugin pinoutandconfiguration
2024-04-03 14:23:57,902 [INFO] PluginManage:352 - Loaded plugin pinoutandconfiguration (category:base,tabindex:1)
2024-04-03 14:23:57,903 [INFO] PluginManage:302 - Check plugin pinoutconfig
2024-04-03 14:23:57,944 [INFO] PluginManage:352 - Loaded plugin pinoutconfig (category:base,tabindex:0)
2024-04-03 14:23:57,944 [INFO] PluginManage:302 - Check plugin power
2024-04-03 14:23:57,967 [INFO] PluginManage:352 - Loaded plugin power (category:power,tabindex:4)
2024-04-03 14:23:57,967 [INFO] PluginManage:302 - Check plugin projectmanager
2024-04-03 14:23:57,986 [INFO] PluginManage:352 - Loaded plugin projectmanager (category:projectmanager,tabindex:3)
2024-04-03 14:23:57,986 [INFO] PluginManage:302 - Check plugin thirdparty
2024-04-03 14:23:58,257 [WARN] IntegrityCheckThread:78 - waiting for thirdparty lock release [integrity check]
2024-04-03 14:23:58,257 [INFO] PluginManage:352 - Loaded plugin thirdparty (category:base,tabindex:-1)
2024-04-03 14:23:58,258 [INFO] IntegrityCheckThread:80 - entering critical section [integrity check]
2024-04-03 14:23:58,259 [INFO] PluginManage:302 - Check plugin tools
2024-04-03 14:23:58,259 [INFO] ThirdPartyUpdaterWithRetryManager:66 - Updater plugin not ready yet. [1/15]
2024-04-03 14:23:58,333 [INFO] PluginManage:352 - Loaded plugin tools (category:base,tabindex:7)
2024-04-03 14:23:58,334 [INFO] PluginManage:302 - Check plugin tutovideos
2024-04-03 14:23:58,565 [INFO] PluginManage:352 - Loaded plugin tutovideos (category:base,tabindex:-1)
2024-04-03 14:23:58,565 [INFO] PluginManage:302 - Check plugin updater
2024-04-03 14:23:58,578 [INFO] PluginManage:352 - Loaded plugin updater (category:base,tabindex:12)
2024-04-03 14:23:58,579 [INFO] PluginManage:275 - PluginManage : Loaded plugins [13]
2024-04-03 14:23:58,787 [INFO] PinOutPanel:1463 - setPackage(No Configuration,No Configuration)
2024-04-03 14:23:58,884 [INFO] IPUIPlugin:74 - create IPUIPlugin
2024-04-03 14:23:58,884 [INFO] PluginManager:213 - loadIPPluginJar : add adc
2024-04-03 14:23:58,924 [INFO] IPUIPlugin:74 - create IPUIPlugin
2024-04-03 14:23:58,924 [INFO] PluginManager:213 - loadIPPluginJar : add aes
2024-04-03 14:23:58,967 [INFO] IPUIPlugin:74 - create IPUIPlugin
2024-04-03 14:23:58,967 [INFO] PluginManager:213 - loadIPPluginJar : add can
2024-04-03 14:23:58,997 [INFO] IPUIPlugin:74 - create IPUIPlugin
2024-04-03 14:23:58,997 [INFO] PluginManager:213 - loadIPPluginJar : add comp
2024-04-03 14:23:59,028 [INFO] IPUIPlugin:74 - create IPUIPlugin
2024-04-03 14:23:59,028 [INFO] PluginManager:213 - loadIPPluginJar : add cryp
2024-04-03 14:23:59,062 [INFO] IPUIPlugin:74 - create IPUIPlugin
2024-04-03 14:23:59,062 [INFO] PluginManager:213 - loadIPPluginJar : add dfsdm
2024-04-03 14:23:59,076 [INFO] IPUIPlugin:74 - create IPUIPlugin
2024-04-03 14:23:59,077 [INFO] PluginManager:213 - loadIPPluginJar : add dma
2024-04-03 14:23:59,134 [INFO] IPUIPlugin:74 - create IPUIPlugin
2024-04-03 14:23:59,134 [INFO] PluginManager:213 - loadIPPluginJar : add dma3
2024-04-03 14:23:59,161 [INFO] IPUIPlugin:74 - create IPUIPlugin
2024-04-03 14:23:59,162 [INFO] PluginManager:213 - loadIPPluginJar : add fatfs
2024-04-03 14:23:59,211 [INFO] IPUIPlugin:74 - create IPUIPlugin
2024-04-03 14:23:59,212 [INFO] PluginManager:213 - loadIPPluginJar : add fmc
2024-04-03 14:23:59,225 [INFO] IPUIPlugin:74 - create IPUIPlugin
2024-04-03 14:23:59,225 [INFO] PluginManager:213 - loadIPPluginJar : add freertos
2024-04-03 14:23:59,250 [INFO] IPUIPlugin:74 - create IPUIPlugin
2024-04-03 14:23:59,251 [INFO] PluginManager:213 - loadIPPluginJar : add genericplugin
2024-04-03 14:23:59,325 [INFO] IPUIPlugin:74 - create IPUIPlugin
2024-04-03 14:23:59,326 [INFO] PluginManager:213 - loadIPPluginJar : add gfxmmu
2024-04-03 14:23:59,454 [INFO] IPUIPlugin:74 - create IPUIPlugin
2024-04-03 14:23:59,454 [INFO] PluginManager:213 - loadIPPluginJar : add gic
2024-04-03 14:23:59,467 [INFO] IPUIPlugin:74 - create IPUIPlugin
2024-04-03 14:23:59,468 [INFO] PluginManager:213 - loadIPPluginJar : add gpio
2024-04-03 14:23:59,543 [INFO] IPUIPlugin:74 - create IPUIPlugin
2024-04-03 14:23:59,543 [INFO] PluginManager:213 - loadIPPluginJar : add gtzc
2024-04-03 14:23:59,575 [INFO] IPUIPlugin:74 - create IPUIPlugin
2024-04-03 14:23:59,576 [INFO] PluginManager:213 - loadIPPluginJar : add hash
2024-04-03 14:23:59,630 [INFO] IPUIPlugin:74 - create IPUIPlugin
2024-04-03 14:23:59,631 [INFO] PluginManager:213 - loadIPPluginJar : add i2c
2024-04-03 14:23:59,672 [INFO] IPUIPlugin:74 - create IPUIPlugin
2024-04-03 14:23:59,672 [INFO] PluginManager:213 - loadIPPluginJar : add i2s
2024-04-03 14:23:59,684 [INFO] IPUIPlugin:74 - create IPUIPlugin
2024-04-03 14:23:59,684 [INFO] PluginManager:213 - loadIPPluginJar : add ipddr
2024-04-03 14:23:59,793 [INFO] IPUIPlugin:74 - create IPUIPlugin
2024-04-03 14:23:59,793 [INFO] PluginManager:213 - loadIPPluginJar : add linkedlist
2024-04-03 14:23:59,841 [INFO] IPUIPlugin:74 - create IPUIPlugin
2024-04-03 14:23:59,841 [INFO] PluginManager:213 - loadIPPluginJar : add lorawan
2024-04-03 14:23:59,882 [INFO] IPUIPlugin:74 - create IPUIPlugin
2024-04-03 14:23:59,883 [INFO] PluginManager:213 - loadIPPluginJar : add ltdc
2024-04-03 14:23:59,894 [INFO] IPUIPlugin:74 - create IPUIPlugin
2024-04-03 14:23:59,895 [INFO] PluginManager:213 - loadIPPluginJar : add mdma
2024-04-03 14:23:59,906 [INFO] IPUIPlugin:74 - create IPUIPlugin
2024-04-03 14:23:59,906 [INFO] PluginManager:213 - loadIPPluginJar : add nvic
2024-04-03 14:23:59,950 [INFO] IPUIPlugin:74 - create IPUIPlugin
2024-04-03 14:23:59,950 [INFO] PluginManager:213 - loadIPPluginJar : add opamp
2024-04-03 14:24:00,014 [INFO] IPUIPlugin:74 - create IPUIPlugin
2024-04-03 14:24:00,014 [INFO] PluginManager:213 - loadIPPluginJar : add openamp
2024-04-03 14:24:00,063 [INFO] IPUIPlugin:74 - create IPUIPlugin
2024-04-03 14:24:00,064 [INFO] PluginManager:213 - loadIPPluginJar : add pdm2pcm
2024-04-03 14:24:00,079 [INFO] IPUIPlugin:74 - create IPUIPlugin
2024-04-03 14:24:00,082 [INFO] PluginManager:213 - loadIPPluginJar : add plateformsettings
2024-04-03 14:24:00,112 [INFO] IPUIPlugin:74 - create IPUIPlugin
2024-04-03 14:24:00,112 [INFO] PluginManager:213 - loadIPPluginJar : add quadspi
2024-04-03 14:24:00,125 [INFO] IPUIPlugin:74 - create IPUIPlugin
2024-04-03 14:24:00,125 [INFO] PluginManager:213 - loadIPPluginJar : add resmgrutility
2024-04-03 14:24:00,177 [INFO] IPUIPlugin:74 - create IPUIPlugin
2024-04-03 14:24:00,177 [INFO] PluginManager:213 - loadIPPluginJar : add sai
2024-04-03 14:24:00,234 [INFO] IPUIPlugin:74 - create IPUIPlugin
2024-04-03 14:24:00,234 [INFO] PluginManager:213 - loadIPPluginJar : add spi
2024-04-03 14:24:00,286 [INFO] IPUIPlugin:74 - create IPUIPlugin
2024-04-03 14:24:00,286 [INFO] PluginManager:213 - loadIPPluginJar : add stm32_wpan
2024-04-03 14:24:00,315 [INFO] IPUIPlugin:74 - create IPUIPlugin
2024-04-03 14:24:00,315 [INFO] PluginManager:213 - loadIPPluginJar : add tim
2024-04-03 14:24:00,375 [INFO] IPUIPlugin:74 - create IPUIPlugin
2024-04-03 14:24:00,375 [INFO] PluginManager:213 - loadIPPluginJar : add touchsensing
2024-04-03 14:24:00,403 [INFO] IPUIPlugin:74 - create IPUIPlugin
2024-04-03 14:24:00,403 [INFO] PluginManager:213 - loadIPPluginJar : add tracer_emb
2024-04-03 14:24:00,435 [INFO] IPUIPlugin:74 - create IPUIPlugin
2024-04-03 14:24:00,435 [INFO] PluginManager:213 - loadIPPluginJar : add ts
2024-04-03 14:24:00,468 [INFO] IPUIPlugin:74 - create IPUIPlugin
2024-04-03 14:24:00,468 [INFO] PluginManager:213 - loadIPPluginJar : add tsc
2024-04-03 14:24:00,502 [INFO] IPUIPlugin:74 - create IPUIPlugin
2024-04-03 14:24:00,502 [INFO] PluginManager:213 - loadIPPluginJar : add ucpd
2024-04-03 14:24:00,549 [INFO] IPUIPlugin:74 - create IPUIPlugin
2024-04-03 14:24:00,549 [INFO] PluginManager:213 - loadIPPluginJar : add usart
2024-04-03 14:24:00,589 [INFO] IPUIPlugin:74 - create IPUIPlugin
2024-04-03 14:24:00,589 [INFO] PluginManager:213 - loadIPPluginJar : add usbx
2024-04-03 14:24:00,895 [FATAL] Updater:294 - Updater called before beeing initialized
2024-04-03 14:24:00,992 [FATAL] Updater:294 - Updater called before beeing initialized
2024-04-03 14:24:00,998 [INFO] DbMcusAds:47 - JSON generation date=Wed Nov 29 17:52:27 ICT 2023 (1701255147349)
2024-04-03 14:24:00,999 [FATAL] Updater:294 - Updater called before beeing initialized
2024-04-03 14:24:01,100 [WARN] DetailPanel:314 - Failed to get advertising image, set to default
2024-04-03 14:24:01,180 [FATAL] Updater:294 - Updater called before beeing initialized
2024-04-03 14:24:01,183 [FATAL] Updater:294 - Updater called before beeing initialized
2024-04-03 14:24:01,183 [FATAL] Updater:294 - Updater called before beeing initialized
2024-04-03 14:24:01,183 [WARN] DetailPanel:314 - Failed to get advertising image, set to default
2024-04-03 14:24:01,184 [FATAL] Updater:294 - Updater called before beeing initialized
2024-04-03 14:24:01,245 [ERROR] Updater:1075 - MainUpdater not yet initialized. External WinMGr cannot be set.
2024-04-03 14:24:01,256 [INFO] Updater:1012 - Updater Version found : 6.3.0
2024-04-03 14:24:01,260 [INFO] ThirdPartyUpdaterWithRetryManager:66 - Updater plugin not ready yet. [2/15]
2024-04-03 14:24:01,279 [INFO] ApplicationProperties:181 - Using Application install path: D:\ST\STM32CubeIDE_1.7.0\STM32CubeIDE\plugins\com.st.stm32cube.common.mx_6.3.0.202107141111
2024-04-03 14:24:01,474 [INFO] MainUpdater:2671 - connection check result : 10
2024-04-03 14:24:01,476 [INFO] MainUpdater:265 - Updater Check For Update Now.
2024-04-03 14:24:01,476 [INFO] MicroXplorer:478 - Change Database Version : DB.6.0.30
2024-04-03 14:24:01,636 [INFO] CheckServerUpdateThread:112 - End of CheckServer Thread
2024-04-03 14:24:01,713 [INFO] MainUpdater:2671 - connection check result : 10
2024-04-03 14:24:01,721 [INFO] MainUpdater:2671 - connection check result : 10
2024-04-03 14:24:02,008 [INFO] MicroXplorer:448 - Change Database Path : 
2024-04-03 14:24:02,009 [INFO] MicroXplorer:478 - Change Database Version : DB.6.0.30
2024-04-03 14:24:02,009 [WARN] ThirdParty:813 - waiting for thirdparty lock release [close project]
2024-04-03 14:24:04,398 [ERROR] Engine:463 - C:\Users\haib1\.stm32cubemx\thirdparties\pdsc\STMicroelectronics.X-CUBE-SMBUS.2.1.0.pdsc: PDSC version is not supported
2024-04-03 14:24:04,427 [WARN] PackLoader:238 - Cannot read IP mode file for STMicroelectronics.X-CUBE-TOUCHGFX.4.23.0
2024-04-03 14:24:04,438 [WARN] PackLoader:238 - Cannot read IP mode file for STMicroelectronics.X-CUBE-TOUCHGFX.4.23.2
2024-04-03 14:24:04,474 [WARN] PackLoader:238 - Cannot read IP mode file for STMicroelectronics.X-CUBE-AZRTOS-F7.1.1.0
2024-04-03 14:24:04,490 [ERROR] Engine:463 - C:\Users\haib1\.stm32cubemx\thirdparties\pdsc\STMicroelectronics.FP-SNS-MOTENV1.4.3.2.pdsc: PDSC version is not supported
2024-04-03 14:24:04,497 [ERROR] Engine:463 - C:\Users\haib1\.stm32cubemx\thirdparties\pdsc\STMicroelectronics.FP-SNS-FLIGHT1.5.0.2.pdsc: PDSC version is not supported
2024-04-03 14:24:04,504 [ERROR] Engine:463 - C:\Users\haib1\.stm32cubemx\thirdparties\pdsc\STMicroelectronics.X-CUBE-DISPLAY.3.0.0.pdsc: PDSC version is not supported
2024-04-03 14:24:04,517 [WARN] PackLoader:238 - Cannot read IP mode file for STMicroelectronics.X-CUBE-BLE1.7.0.0
2024-04-03 14:24:04,524 [ERROR] Engine:463 - C:\Users\haib1\.stm32cubemx\thirdparties\pdsc\emotas.I-CUBE-CANOPEN.1.3.0.pdsc: PDSC version is not supported
2024-04-03 14:24:04,532 [ERROR] Engine:463 - C:\Users\haib1\.stm32cubemx\thirdparties\pdsc\STMicroelectronics.X-CUBE-BLEMGR.3.1.0.pdsc: PDSC version is not supported
2024-04-03 14:24:04,541 [ERROR] Engine:463 - C:\Users\haib1\.stm32cubemx\thirdparties\pdsc\STMicroelectronics.FP-SNS-SMARTAG2.1.2.0.pdsc: PDSC version is not supported
2024-04-03 14:24:04,558 [INFO] LogOutputStream:76 - [STDOUT_REDIRECT] 1 : Invalid condition id : UX_CORESTACK_Condition cause : null
2024-04-03 14:24:04,559 [INFO] LogOutputStream:76 - [STDOUT_REDIRECT] 1 : Invalid condition id : UX_CORESTACK_Condition cause : null
2024-04-03 14:24:04,560 [INFO] LogOutputStream:76 - [STDOUT_REDIRECT] 1 : Invalid condition id : UX_CORESTACK_Condition cause : null
2024-04-03 14:24:04,560 [INFO] LogOutputStream:76 - [STDOUT_REDIRECT] 1 : Invalid condition id : UX_CORESTACK_Condition cause : null
2024-04-03 14:24:04,561 [INFO] LogOutputStream:76 - [STDOUT_REDIRECT] 1 : Invalid condition id : UX_CORESTACK_Condition cause : null
2024-04-03 14:24:04,563 [WARN] PackLoader:238 - Cannot read IP mode file for STMicroelectronics.X-CUBE-AZRTOS-WL.2.0.0
2024-04-03 14:24:04,572 [ERROR] Engine:463 - C:\Users\haib1\.stm32cubemx\thirdparties\pdsc\STMicroelectronics.FP-SNS-MOTENV1.5.0.0.pdsc: PDSC version is not supported
2024-04-03 14:24:04,590 [WARN] PackLoader:238 - Cannot read IP mode file for WES.I-CUBE-Cesium.1.3.0
2024-04-03 14:24:04,599 [WARN] PackLoader:238 - Cannot read IP mode file for STMicroelectronics.X-CUBE-BLE2.3.3.0
2024-04-03 14:24:04,609 [WARN] PackLoader:238 - Cannot read IP mode file for STMicroelectronics.X-CUBE-ALGOBUILD.1.3.0
2024-04-03 14:24:04,632 [WARN] PackLoader:238 - Cannot read IP mode file for STMicroelectronics.X-CUBE-AZRTOS-G0.1.1.0
2024-04-03 14:24:04,644 [WARN] PackLoader:238 - Cannot read IP mode file for STMicroelectronics.X-CUBE-SAFEA1.1.2.2
2024-04-03 14:24:04,658 [WARN] PackLoader:238 - Cannot read IP mode file for STMicroelectronics.X-CUBE-NFC4.3.0.0
2024-04-03 14:24:04,668 [WARN] PackLoader:238 - Cannot read IP mode file for STMicroelectronics.FP-ATR-SIGFOX1.3.2.0
2024-04-03 14:24:04,678 [WARN] PackLoader:238 - Cannot read IP mode file for STMicroelectronics.X-CUBE-EEPRMA1.5.1.0
2024-04-03 14:24:04,724 [WARN] PackLoader:238 - Cannot read IP mode file for SEGGER.I-CUBE-embOS.1.3.1
2024-04-03 14:24:04,787 [WARN] PackLoader:238 - Cannot read IP mode file for STMicroelectronics.X-CUBE-GNSS1.6.0.0
2024-04-03 14:24:04,823 [WARN] PackLoader:238 - Cannot read IP mode file for STMicroelectronics.X-CUBE-AZRTOS-F4.1.1.0
2024-04-03 14:24:04,838 [WARN] PackLoader:238 - Cannot read IP mode file for wolfSSL.I-CUBE-wolfSSL.5.6.6
2024-04-03 14:24:04,874 [WARN] PackLoader:238 - Cannot read IP mode file for STMicroelectronics.X-CUBE-AZRTOS-L5.2.0.0
2024-04-03 14:24:04,892 [WARN] PackLoader:238 - Cannot read IP mode file for STMicroelectronics.X-CUBE-NFC6.3.1.0
2024-04-03 14:24:04,902 [ERROR] Engine:463 - C:\Users\haib1\.stm32cubemx\thirdparties\pdsc\ITTIA_DB.I-CUBE-ITTIADB.8.8.0.pdsc: PDSC version is not supported
2024-04-03 14:24:04,912 [WARN] PackLoader:238 - Cannot read IP mode file for STMicroelectronics.X-CUBE-NFC7.1.0.1
2024-04-03 14:24:04,924 [WARN] PackLoader:238 - Cannot read IP mode file for STMicroelectronics.X-CUBE-NFC6.3.0.0
2024-04-03 14:24:04,936 [WARN] PackLoader:238 - Cannot read IP mode file for STMicroelectronics.X-CUBE-AI.8.1.0
2024-04-03 14:24:04,965 [WARN] ConditionMgr:437 - getConditionDescription Invalid condition id : LAN8742 Phy interface Condition cause : null
2024-04-03 14:24:04,965 [WARN] PackLoader:238 - Cannot read IP mode file for STMicroelectronics.X-CUBE-AZRTOS-L4.2.0.0
2024-04-03 14:24:04,966 [WARN] ConditionMgr:1038 - genDependencies : Invalid condition id : LAN8742 Phy interface Condition cause : null
2024-04-03 14:24:04,966 [WARN] ConditionMgr:1038 - genDependencies : Invalid condition id : LAN8742 Phy interface Condition cause : null
2024-04-03 14:24:04,966 [WARN] ConditionMgr:1038 - genDependencies : Invalid condition id : LAN8742 Phy interface Condition cause : null
2024-04-03 14:24:04,989 [WARN] PackLoader:238 - Cannot read IP mode file for STMicroelectronics.X-CUBE-SFXS2LP1.4.0.0
2024-04-03 14:24:05,010 [WARN] ConditionMgr:437 - getConditionDescription Invalid condition id : UX DEVICE CLASS RTOS Condition cause : null
2024-04-03 14:24:05,010 [WARN] ConditionMgr:437 - getConditionDescription Invalid condition id : UX DEVICE CLASS RTOS Condition cause : null
2024-04-03 14:24:05,012 [WARN] PackLoader:238 - Cannot read IP mode file for STMicroelectronics.X-CUBE-AZRTOS-WB.2.0.0
2024-04-03 14:24:05,013 [WARN] ConditionMgr:1038 - genDependencies : Invalid condition id : UX DEVICE CLASS RTOS Condition cause : null
2024-04-03 14:24:05,013 [WARN] ConditionMgr:1038 - genDependencies : Invalid condition id : UX DEVICE CLASS RTOS Condition cause : null
2024-04-03 14:24:05,014 [WARN] ConditionMgr:1038 - genDependencies : Invalid condition id : UX DEVICE CLASS RTOS Condition cause : null
2024-04-03 14:24:05,014 [WARN] ConditionMgr:1038 - genDependencies : Invalid condition id : UX DEVICE CLASS RTOS Condition cause : null
2024-04-03 14:24:05,014 [WARN] ConditionMgr:1038 - genDependencies : Invalid condition id : UX DEVICE CLASS RTOS Condition cause : null
2024-04-03 14:24:05,029 [WARN] PackLoader:238 - Cannot read IP mode file for STMicroelectronics.X-CUBE-SUBG2.5.0.0
2024-04-03 14:24:05,054 [WARN] PackLoader:238 - Cannot read IP mode file for STMicroelectronics.X-CUBE-AZRTOS-G4.2.0.0
2024-04-03 14:24:05,072 [ERROR] Engine:463 - C:\Users\haib1\.stm32cubemx\thirdparties\pdsc\Infineon.AIROC-Wi-Fi-Bluetooth-STM32.1.5.1.pdsc: PDSC version is not supported
2024-04-03 14:24:05,080 [ERROR] Engine:463 - C:\Users\haib1\.stm32cubemx\thirdparties\pdsc\STMicroelectronics.FP-SNS-MOTENVWB1.1.3.1.pdsc: PDSC version is not supported
2024-04-03 14:24:05,090 [WARN] PackLoader:238 - Cannot read IP mode file for STMicroelectronics.X-CUBE-ISPU.2.0.0
2024-04-03 14:24:05,133 [WARN] PackLoader:238 - Cannot read IP mode file for STMicroelectronics.X-CUBE-MEMS1.10.0.0
2024-04-03 14:24:05,262 [ERROR] Engine:463 - C:\Users\haib1\.stm32cubemx\thirdparties\pdsc\STMicroelectronics.X-CUBE-FREERTOS.1.1.0.pdsc: PDSC version is not supported
2024-04-03 14:24:05,271 [WARN] PackLoader:238 - Cannot read IP mode file for portGmbH.I-Cube-SoM-uGOAL.1.1.0
2024-04-03 14:24:05,279 [WARN] PackLoader:238 - Cannot read IP mode file for STMicroelectronics.X-CUBE-ALS.1.0.1
2024-04-03 14:24:05,287 [WARN] PackLoader:238 - Cannot read IP mode file for STMicroelectronics.FP-ATR-ASTRA1.2.0.0
2024-04-03 14:24:05,298 [ERROR] Engine:463 - C:\Users\haib1\.stm32cubemx\thirdparties\pdsc\STMicroelectronics.X-CUBE-TOF1.3.4.0.pdsc: PDSC version is not supported
2024-04-03 14:24:05,308 [ERROR] Engine:463 - C:\Users\haib1\.stm32cubemx\thirdparties\pdsc\STMicroelectronics.X-CUBE-TOF1.3.4.1.pdsc: PDSC version is not supported
2024-04-03 14:24:05,337 [WARN] PackLoader:238 - Cannot read IP mode file for STMicroelectronics.X-CUBE-AZRTOS-H7.3.2.0
2024-04-03 14:24:05,341 [INFO] ThirdParty:915 - Integrity check success = true
2024-04-03 14:24:05,342 [INFO] IntegrityCheckThread:94 - exiting critical section [integrity check]
2024-04-03 14:24:05,342 [INFO] IntegrityCheckThread:97 - End integrity checks thread
2024-04-03 14:24:05,342 [INFO] ThirdParty:815 - entering critical section [close project]
2024-04-03 14:24:05,343 [INFO] ThirdParty:825 - exiting critical section [close project]
2024-04-03 14:24:05,347 [INFO] PinOutPanel:1463 - setPackage(No Configuration,No Configuration)
2024-04-03 14:24:05,348 [INFO] UtilMem:74 - Begin LoadConfig() Used Memory: 787420072 Bytes (848297984)
2024-04-03 14:24:05,349 [INFO] MicroXplorer:448 - Change Database Path : 
2024-04-03 14:24:05,349 [INFO] MicroXplorer:478 - Change Database Version : DB.6.0.30
2024-04-03 14:24:05,349 [INFO] OpenFileManager:313 - Change cursor
2024-04-03 14:24:06,124 [INFO] Context:592 - Trying to add GPIOservice into a context  which must be forbidden
2024-04-03 14:24:06,379 [WARN] ApiManager:304 - Cannot register API 'Board Extension:GNSS1A1' from pack STMicroelectronics.X-CUBE-GNSS1.6.0.0: no header file found
2024-04-03 14:24:06,380 [WARN] ApiManager:304 - Cannot register API 'Board Support:Custom' from pack STMicroelectronics.X-CUBE-GNSS1.6.0.0: no header file found
2024-04-03 14:24:06,380 [WARN] ApiManager:304 - Cannot register API 'Data Exchange:lib_gnss' from pack STMicroelectronics.X-CUBE-GNSS1.6.0.0: no header file found
2024-04-03 14:24:06,385 [WARN] ApiManager:304 - Cannot register API 'Wireless:BlueNRG-MS' from pack STMicroelectronics.X-CUBE-BLE1.7.0.0: no header file found
2024-04-03 14:24:06,387 [WARN] ApiManager:304 - Cannot register API 'Board Extension:EEPRMA2' from pack STMicroelectronics.X-CUBE-EEPRMA1.5.1.0: no header file found
2024-04-03 14:24:06,387 [WARN] ApiManager:304 - Cannot register API 'Board Extension:PGEEZ1' from pack STMicroelectronics.X-CUBE-EEPRMA1.5.1.0: no header file found
2024-04-03 14:24:06,387 [WARN] ApiManager:304 - Cannot register API 'Board Extension:EEICA1' from pack STMicroelectronics.X-CUBE-EEPRMA1.5.1.0: no header file found
2024-04-03 14:24:06,387 [WARN] ApiManager:304 - Cannot register API 'Board Part:M24' from pack STMicroelectronics.X-CUBE-EEPRMA1.5.1.0: no header file found
2024-04-03 14:24:06,387 [WARN] ApiManager:304 - Cannot register API 'Board Part:M95' from pack STMicroelectronics.X-CUBE-EEPRMA1.5.1.0: no header file found
2024-04-03 14:24:06,387 [WARN] ApiManager:304 - Cannot register API 'Board Part:M95P32' from pack STMicroelectronics.X-CUBE-EEPRMA1.5.1.0: no header file found
2024-04-03 14:24:06,387 [WARN] ApiManager:304 - Cannot register API 'Board Part:M24256E-F' from pack STMicroelectronics.X-CUBE-EEPRMA1.5.1.0: no header file found
2024-04-03 14:24:06,387 [WARN] ApiManager:304 - Cannot register API 'Board Part:M24M01E-F' from pack STMicroelectronics.X-CUBE-EEPRMA1.5.1.0: no header file found
2024-04-03 14:24:06,388 [WARN] ApiManager:304 - Cannot register API 'PGEEZ1:SPI' from pack STMicroelectronics.X-CUBE-EEPRMA1.5.1.0: no header file found
2024-04-03 14:24:06,388 [WARN] ApiManager:304 - Cannot register API 'PGEEZ1:QDSPI' from pack STMicroelectronics.X-CUBE-EEPRMA1.5.1.0: no header file found
2024-04-03 14:24:06,390 [WARN] ModelIntegratedComponent:60 - No mode defined for component null
2024-04-03 14:24:06,390 [WARN] ModelIntegratedComponent:60 - No mode defined for component null
2024-04-03 14:24:06,390 [WARN] ModelIntegratedComponent:60 - No mode defined for component null
2024-04-03 14:24:06,390 [WARN] ModelIntegratedComponent:60 - No mode defined for component null
2024-04-03 14:24:06,390 [WARN] ModelIntegratedComponent:60 - No mode defined for component null
2024-04-03 14:24:06,391 [WARN] ModelIntegratedComponent:60 - No mode defined for component null
2024-04-03 14:24:06,391 [WARN] ModelIntegratedComponent:60 - No mode defined for component null
2024-04-03 14:24:06,391 [WARN] ModelIntegratedComponent:60 - No mode defined for component null
2024-04-03 14:24:06,391 [WARN] ModelIntegratedComponent:60 - No mode defined for component null
2024-04-03 14:24:06,391 [WARN] ModelIntegratedComponent:60 - No mode defined for component null
2024-04-03 14:24:06,391 [WARN] ModelIntegratedComponent:60 - No mode defined for component null
2024-04-03 14:24:06,391 [WARN] ModelIntegratedComponent:60 - No mode defined for component null
2024-04-03 14:24:06,391 [WARN] ModelIntegratedComponent:60 - No mode defined for component null
2024-04-03 14:24:06,391 [WARN] ModelIntegratedComponent:60 - No mode defined for component null
2024-04-03 14:24:06,391 [WARN] ModelIntegratedComponent:60 - No mode defined for component null
2024-04-03 14:24:06,391 [WARN] ModelIntegratedComponent:60 - No mode defined for component null
2024-04-03 14:24:06,391 [WARN] ModelIntegratedComponent:60 - No mode defined for component null
2024-04-03 14:24:06,391 [WARN] ModelIntegratedComponent:60 - No mode defined for component null
2024-04-03 14:24:06,391 [WARN] ModelIntegratedComponent:60 - No mode defined for component null
2024-04-03 14:24:06,391 [WARN] ModelIntegratedComponent:60 - No mode defined for component null
2024-04-03 14:24:06,391 [WARN] ModelIntegratedComponent:60 - No mode defined for component null
2024-04-03 14:24:06,391 [WARN] ModelIntegratedComponent:60 - No mode defined for component null
2024-04-03 14:24:06,391 [WARN] ModelIntegratedComponent:60 - No mode defined for component null
2024-04-03 14:24:06,391 [WARN] ModelIntegratedComponent:60 - No mode defined for component null
2024-04-03 14:24:06,391 [WARN] ModelIntegratedComponent:60 - No mode defined for component null
2024-04-03 14:24:06,392 [WARN] ModelIntegratedComponent:60 - No mode defined for component null
2024-04-03 14:24:06,392 [WARN] ModelIntegratedComponent:60 - No mode defined for component null
2024-04-03 14:24:06,392 [WARN] ModelIntegratedComponent:60 - No mode defined for component null
2024-04-03 14:24:06,392 [WARN] ModelIntegratedComponent:60 - No mode defined for component null
2024-04-03 14:24:06,392 [WARN] ModelIntegratedComponent:60 - No mode defined for component null
2024-04-03 14:24:06,392 [WARN] ModelIntegratedComponent:60 - No mode defined for component null
2024-04-03 14:24:06,518 [WARN] ApiManager:304 - Cannot register API 'Board Extension:IKS01A3' from pack STMicroelectronics.X-CUBE-MEMS1.10.0.0: no header file found
2024-04-03 14:24:06,518 [WARN] ApiManager:304 - Cannot register API 'Board Extension:IKS02A1' from pack STMicroelectronics.X-CUBE-MEMS1.10.0.0: no header file found
2024-04-03 14:24:06,518 [WARN] ApiManager:304 - Cannot register API 'Board Extension:IKS4A1' from pack STMicroelectronics.X-CUBE-MEMS1.10.0.0: no header file found
2024-04-03 14:24:06,524 [WARN] ApiManager:304 - Cannot register API 'Board Extension:NFC07A1' from pack STMicroelectronics.X-CUBE-NFC7.1.0.1: no header file found
2024-04-03 14:24:06,531 [WARN] ApiManager:304 - Cannot register API 'Board Extension:NFC06A1' from pack STMicroelectronics.X-CUBE-NFC6.3.0.0: no header file found
2024-04-03 14:24:06,531 [WARN] ApiManager:304 - Cannot register API 'Board Extension:NFC08A1' from pack STMicroelectronics.X-CUBE-NFC6.3.0.0: no header file found
2024-04-03 14:24:06,534 [WARN] ApiManager:304 - Cannot register API 'Board Extension:NFC06A1' from pack STMicroelectronics.X-CUBE-NFC6.3.1.0: no header file found
2024-04-03 14:24:06,534 [WARN] ApiManager:304 - Cannot register API 'Board Extension:NFC08A1' from pack STMicroelectronics.X-CUBE-NFC6.3.1.0: no header file found
2024-04-03 14:24:06,541 [INFO] RtosManager:484 - Registered RTOS mode: class=CMSIS, group=RTOS, mode=CMSIS_V1, owner=FREERTOS
2024-04-03 14:24:06,541 [INFO] RtosManager:484 - Registered RTOS mode: class=CMSIS, group=RTOS2, mode=CMSIS_V2, owner=FREERTOS
2024-04-03 14:24:06,541 [INFO] RtosManager:484 - Registered RTOS mode: class=RTOS, group=Core, mode=CMSIS_V1, owner=FREERTOS
2024-04-03 14:24:06,542 [INFO] RtosManager:484 - Registered RTOS mode: class=RTOS, group=Core, mode=CMSIS_V2, owner=FREERTOS
2024-04-03 14:24:06,542 [WARN] ModelIntegratedComponent:181 - Missing modes for component STMicroelectronics:FreeRTOS:0.0.1:STMicroelectronics:RTOS:FreeRTOS:Core:::10.2.0:
2024-04-03 14:24:06,543 [WARN] ApiManager:304 - Cannot register API 'Board Extension:STSAFEA1' from pack STMicroelectronics.X-CUBE-SAFEA1.1.2.2: no header file found
2024-04-03 14:24:06,544 [WARN] ApiManager:304 - Cannot register API 'Board Part:STSAFEA110' from pack STMicroelectronics.X-CUBE-SAFEA1.1.2.2: no header file found
2024-04-03 14:24:06,544 [WARN] ApiManager:304 - Cannot register API 'Security:ST_Cryptolib' from pack STMicroelectronics.X-CUBE-SAFEA1.1.2.2: no header file found
2024-04-03 14:24:06,544 [WARN] ApiManager:304 - Cannot register API 'Security:MbedTLS' from pack STMicroelectronics.X-CUBE-SAFEA1.1.2.2: no header file found
2024-04-03 14:24:06,545 [WARN] ApiManager:304 - Cannot register API 'Board Extension:NFC04A1' from pack STMicroelectronics.X-CUBE-NFC4.3.0.0: no header file found
2024-04-03 14:24:06,547 [WARN] ApiManager:304 - Cannot register API 'Board Extension:S2868A1' from pack STMicroelectronics.X-CUBE-SUBG2.5.0.0: no header file found
2024-04-03 14:24:06,547 [WARN] ApiManager:304 - Cannot register API 'Board Extension:S2868A2' from pack STMicroelectronics.X-CUBE-SUBG2.5.0.0: no header file found
2024-04-03 14:24:06,547 [WARN] ApiManager:304 - Cannot register API 'Board Extension:S2915A1' from pack STMicroelectronics.X-CUBE-SUBG2.5.0.0: no header file found
2024-04-03 14:24:06,550 [WARN] ApiManager:304 - Cannot register API 'Board Extension:S2868A1' from pack STMicroelectronics.X-CUBE-SFXS2LP1.4.0.0: no header file found
2024-04-03 14:24:06,550 [WARN] ApiManager:304 - Cannot register API 'Board Extension:S2868A2' from pack STMicroelectronics.X-CUBE-SFXS2LP1.4.0.0: no header file found
2024-04-03 14:24:06,550 [WARN] ApiManager:304 - Cannot register API 'Board Extension:S2915A1' from pack STMicroelectronics.X-CUBE-SFXS2LP1.4.0.0: no header file found
2024-04-03 14:24:06,550 [WARN] ApiManager:304 - Cannot register API 'Wireless:BlueNRG-2' from pack STMicroelectronics.X-CUBE-BLE2.3.3.0: no header file found
2024-04-03 14:24:07,870 [INFO] UtilMem:74 - End LoadConfig() Used Memory: 765978936 Bytes (848297984)
2024-04-03 14:24:07,872 [INFO] DbMcusXml:100 - Load MCU database from D:\ST\STM32CubeIDE_1.7.0\STM32CubeIDE\plugins\com.st.stm32cube.common.mx_6.3.0.202107141111\\db\/mcu/families.xml
2024-04-03 14:24:08,672 [INFO] DbMcusJson:93 - JSON generation date=Tue Nov 16 23:17:54 ICT 2021 (1637079474)
2024-04-03 14:24:09,231 [INFO] DbMcus:175 - Found 1951 MCUs (1903 are supported by CubeMX, 1914 are visible in CubeMX)
2024-04-03 14:24:09,232 [INFO] ApiDb:251 - Load user favorites file C:\Users\haib1/.stm32cubeide/favorites.mcus.txt: 0 item(s)
2024-04-03 14:24:09,233 [INFO] ApiDb:255 - User favorites MCUs=[]
2024-04-03 14:24:09,233 [INFO] DbMcus:187 - Set 0 / 0 favorites MCUs
2024-04-03 14:24:09,243 [WARN] ThirdParty:779 - waiting for thirdparty lock release [change project]
2024-04-03 14:24:09,244 [INFO] ThirdParty:781 - entering critical section [change project]
2024-04-03 14:24:09,244 [INFO] ThirdParty:967 - CMSIS Pack Vendor :STMicroelectronics X-CUBE-GNSS1 6.0.0
2024-04-03 14:24:09,244 [INFO] ThirdParty:967 - CMSIS Pack Vendor :STMicroelectronics USB_HOST 2.0.0
2024-04-03 14:24:09,244 [INFO] ThirdParty:967 - CMSIS Pack Vendor :STMicroelectronics X-CUBE-AZRTOS-F4 1.1.0
2024-04-03 14:24:09,244 [INFO] ThirdParty:967 - CMSIS Pack Vendor :STMicroelectronics X-CUBE-BLE1 7.0.0
2024-04-03 14:24:09,244 [INFO] ThirdParty:967 - CMSIS Pack Vendor :STMicroelectronics FP-ATR-SIGFOX1 3.2.0
2024-04-03 14:24:09,244 [INFO] ThirdParty:967 - CMSIS Pack Vendor :STMicroelectronics X-CUBE-ISPU 2.0.0
2024-04-03 14:24:09,244 [INFO] ThirdParty:967 - CMSIS Pack Vendor :STMicroelectronics USB_DEVICE 3.0.0
2024-04-03 14:24:09,244 [INFO] ThirdParty:967 - CMSIS Pack Vendor :STMicroelectronics X-CUBE-EEPRMA1 5.1.0
2024-04-03 14:24:09,244 [INFO] ThirdParty:967 - CMSIS Pack Vendor :STMicroelectronics HAL Drivers 0.0.0
2024-04-03 14:24:09,244 [INFO] ThirdParty:967 - CMSIS Pack Vendor :STMicroelectronics MBEDTLS 2.16.2
2024-04-03 14:24:09,244 [INFO] ThirdParty:967 - CMSIS Pack Vendor :STMicroelectronics X-CUBE-AZRTOS-WB 2.0.0
2024-04-03 14:24:09,244 [INFO] ThirdParty:967 - CMSIS Pack Vendor :wolfSSL I-CUBE-wolfSSL 5.6.6
2024-04-03 14:24:09,244 [INFO] ThirdParty:967 - CMSIS Pack Vendor :STMicroelectronics X-CUBE-MEMS1 10.0.0
2024-04-03 14:24:09,244 [INFO] ThirdParty:967 - CMSIS Pack Vendor :STMicroelectronics X-CUBE-NFC7 1.0.1
2024-04-03 14:24:09,244 [INFO] ThirdParty:967 - CMSIS Pack Vendor :STMicroelectronics MBEDTLS 2.14.1
2024-04-03 14:24:09,244 [INFO] ThirdParty:967 - CMSIS Pack Vendor :STMicroelectronics X-CUBE-TOUCHGFX 4.23.0
2024-04-03 14:24:09,244 [INFO] ThirdParty:967 - CMSIS Pack Vendor :STMicroelectronics X-CUBE-TOUCHGFX 4.23.2
2024-04-03 14:24:09,244 [INFO] ThirdParty:967 - CMSIS Pack Vendor :STMicroelectronics X-CUBE-AZRTOS-F7 1.1.0
2024-04-03 14:24:09,244 [INFO] ThirdParty:967 - CMSIS Pack Vendor :STMicroelectronics X-CUBE-AZRTOS-L5 2.0.0
2024-04-03 14:24:09,244 [INFO] ThirdParty:967 - CMSIS Pack Vendor :STMicroelectronics X-CUBE-NFC6 3.0.0
2024-04-03 14:24:09,245 [INFO] ThirdParty:967 - CMSIS Pack Vendor :portGmbH I-Cube-SoM-uGOAL 1.1.0
2024-04-03 14:24:09,245 [INFO] ThirdParty:967 - CMSIS Pack Vendor :STMicroelectronics X-CUBE-ALS 1.0.1
2024-04-03 14:24:09,245 [INFO] ThirdParty:967 - CMSIS Pack Vendor :STMicroelectronics USB_DEVICE 2.0.0
2024-04-03 14:24:09,245 [INFO] ThirdParty:967 - CMSIS Pack Vendor :STMicroelectronics X-CUBE-NFC6 3.1.0
2024-04-03 14:24:09,245 [INFO] ThirdParty:967 - CMSIS Pack Vendor :STMicroelectronics X-CUBE-AZRTOS-WL 2.0.0
2024-04-03 14:24:09,245 [INFO] ThirdParty:967 - CMSIS Pack Vendor :STMicroelectronics X-CUBE-ALGOBUILD 1.3.0
2024-04-03 14:24:09,245 [INFO] ThirdParty:967 - CMSIS Pack Vendor :SEGGER I-CUBE-embOS 1.3.1
2024-04-03 14:24:09,245 [INFO] ThirdParty:967 - CMSIS Pack Vendor :STMicroelectronics FreeRTOS 0.0.1
2024-04-03 14:24:09,245 [INFO] ThirdParty:967 - CMSIS Pack Vendor :STMicroelectronics X-CUBE-AZRTOS-G0 1.1.0
2024-04-03 14:24:09,245 [INFO] ThirdParty:967 - CMSIS Pack Vendor :STMicroelectronics USB_DEVICE 1.0.0
2024-04-03 14:24:09,245 [INFO] ThirdParty:967 - CMSIS Pack Vendor :STMicroelectronics X-CUBE-AI 8.1.0
2024-04-03 14:24:09,245 [INFO] ThirdParty:967 - CMSIS Pack Vendor :STMicroelectronics X-CUBE-SAFEA1 1.2.2
2024-04-03 14:24:09,245 [INFO] ThirdParty:967 - CMSIS Pack Vendor :STMicroelectronics X-CUBE-NFC4 3.0.0
2024-04-03 14:24:09,245 [INFO] ThirdParty:967 - CMSIS Pack Vendor :STMicroelectronics X-CUBE-SUBG2 5.0.0
2024-04-03 14:24:09,245 [INFO] ThirdParty:967 - CMSIS Pack Vendor :STMicroelectronics X-CUBE-AZRTOS-L4 2.0.0
2024-04-03 14:24:09,245 [INFO] ThirdParty:967 - CMSIS Pack Vendor :STMicroelectronics ThreadX 0.0.2
2024-04-03 14:24:09,245 [INFO] ThirdParty:967 - CMSIS Pack Vendor :WES I-CUBE-Cesium 1.3.0
2024-04-03 14:24:09,245 [INFO] ThirdParty:967 - CMSIS Pack Vendor :STMicroelectronics FP-ATR-ASTRA1 2.0.0
2024-04-03 14:24:09,245 [INFO] ThirdParty:967 - CMSIS Pack Vendor :STMicroelectronics lwIP 2.0.3
2024-04-03 14:24:09,245 [INFO] ThirdParty:967 - CMSIS Pack Vendor :STMicroelectronics lwIP 2.1.2
2024-04-03 14:24:09,245 [INFO] ThirdParty:967 - CMSIS Pack Vendor :STMicroelectronics X-CUBE-SFXS2LP1 4.0.0
2024-04-03 14:24:09,245 [INFO] ThirdParty:967 - CMSIS Pack Vendor :STMicroelectronics X-CUBE-BLE2 3.3.0
2024-04-03 14:24:09,245 [INFO] ThirdParty:967 - CMSIS Pack Vendor :STMicroelectronics USB_HOST 1.0.0
2024-04-03 14:24:09,245 [INFO] ThirdParty:967 - CMSIS Pack Vendor :STMicroelectronics X-CUBE-AZRTOS-G4 2.0.0
2024-04-03 14:24:09,245 [INFO] ThirdParty:967 - CMSIS Pack Vendor :STMicroelectronics X-CUBE-AZRTOS-H7 3.2.0
2024-04-03 14:24:09,245 [INFO] ThirdParty:967 - CMSIS Pack Vendor :STMicroelectronics PDM2PCM 3.1.0
2024-04-03 14:24:09,245 [INFO] ThirdParty:967 - CMSIS Pack Vendor :STMicroelectronics PDM2PCM 3.2.0
2024-04-03 14:24:09,245 [INFO] ThirdParty:967 - CMSIS Pack Vendor :STMicroelectronics PDM2PCM 3.3.0
2024-04-03 14:24:09,245 [INFO] ThirdParty:787 - exiting critical section [change project]
2024-04-03 14:24:09,541 [INFO] PinOutPanel:1463 - setPackage(No Configuration,No Configuration)
2024-04-03 14:24:09,542 [INFO] PinOutPanel:1463 - setPackage(STM32F103C6Ux,UFQFPN48)
2024-04-03 14:24:09,862 [INFO] UtilMem:74 - Before build in PCC Used Memory: 910129648 Bytes (1000341504)
2024-04-03 14:24:10,478 [INFO] UtilMem:74 - After build in PCC Used Memory: 881595632 Bytes (1000341504)
2024-04-03 14:24:10,496 [INFO] IPUIPlugin:74 - create IPUIPlugin
2024-04-03 14:24:10,496 [INFO] IPUIPlugin:74 - create IPUIPlugin
2024-04-03 14:24:10,496 [INFO] IPUIPlugin:74 - create IPUIPlugin
2024-04-03 14:24:10,496 [INFO] IPUIPlugin:74 - create IPUIPlugin
2024-04-03 14:24:10,497 [INFO] IPUIPlugin:74 - create IPUIPlugin
2024-04-03 14:24:10,497 [INFO] IPUIPlugin:74 - create IPUIPlugin
2024-04-03 14:24:10,497 [INFO] IPUIPlugin:74 - create IPUIPlugin
2024-04-03 14:24:10,497 [INFO] IPUIPlugin:74 - create IPUIPlugin
2024-04-03 14:24:10,497 [INFO] IPUIPlugin:74 - create IPUIPlugin
2024-04-03 14:24:10,497 [INFO] IPUIPlugin:74 - create IPUIPlugin
2024-04-03 14:24:10,497 [INFO] IPUIPlugin:74 - create IPUIPlugin
2024-04-03 14:24:10,498 [INFO] IPUIPlugin:74 - create IPUIPlugin
2024-04-03 14:24:10,498 [INFO] IPUIPlugin:74 - create IPUIPlugin
2024-04-03 14:24:10,498 [INFO] IPUIPlugin:74 - create IPUIPlugin
2024-04-03 14:24:10,498 [INFO] IPUIPlugin:74 - create IPUIPlugin
2024-04-03 14:24:10,498 [INFO] IPUIPlugin:74 - create IPUIPlugin
2024-04-03 14:24:10,499 [INFO] IPUIPlugin:74 - create IPUIPlugin
2024-04-03 14:24:10,499 [INFO] IPUIPlugin:74 - create IPUIPlugin
2024-04-03 14:24:10,499 [INFO] IPUIPlugin:74 - create IPUIPlugin
2024-04-03 14:24:10,499 [INFO] IPUIPlugin:74 - create IPUIPlugin
2024-04-03 14:24:10,499 [INFO] IPUIPlugin:74 - create IPUIPlugin
2024-04-03 14:24:10,500 [INFO] IPUIPlugin:74 - create IPUIPlugin
2024-04-03 14:24:10,500 [INFO] IPUIPlugin:74 - create IPUIPlugin
2024-04-03 14:24:10,623 [INFO] OpenFileManager:333 - Restore cursor
2024-04-03 14:32:34,683 [INFO] Activator:177 - 


2024-04-03 14:32:34,684 [INFO] Activator:178 - !SESSION log4j initialized
